<?xml version="1.0" encoding="UTF-8"?>
<!-- Generated by org.testng.reporters.JUnitReportReporter -->
<testsuite hostname="Shubhams-MacBook-Pro.local" failures="0" tests="1" name="assessment.TestClass" time="20.726" errors="0" timestamp="2024-03-20T17:13:54 IST" skipped="0">
  <testcase classname="assessment.TestClass" name="Register" time="20.726"/>
  <system-out/>
</testsuite> <!-- assessment.TestClass -->
